2020-02-23 19:27:08,783 logger_config.py--> <module> 20: INFO -->xxx
2020-02-23 19:30:23,143 SeleniumDriver.py--> __init__ 20: INFO -->当前打开浏览器为:chrome
2020-02-23 19:36:00,962 SeleniumDriver.py--> __init__ 20: INFO -->当前打开浏览器为:chrome
2020-02-23 19:36:01,699 SeleniumDriver.py--> open_url_is_true 20: INFO -->当前网页：百度一下 ,与预期相符
2020-02-23 19:37:37,343 SeleniumDriver.py--> __init__ 20: INFO -->当前打开浏览器为:chrome
2020-02-23 19:37:37,891 SeleniumDriver.py--> open_url_is_true 20: INFO -->当前网页百度一下,与预期相符
2020-02-23 19:38:40,492 SeleniumDriver.py--> __init__ 20: INFO -->当前打开浏览器为:chrome
2020-02-23 19:38:41,214 SeleniumDriver.py--> open_url_is_true 20: INFO -->当前网页:百度一下,结果:True
2020-02-23 20:10:55,057 SeleniumDriver.py--> __init__ 20: INFO -->当前打开浏览器为:chrome
2020-02-23 20:10:57,262 SeleniumDriver.py--> open_url_is_true 20: INFO -->当前网页:慕课网,结果:True
2020-02-23 20:11:12,948 SeleniumDriver.py--> __init__ 20: INFO -->当前打开浏览器为:chrome
2020-02-23 20:11:14,201 SeleniumDriver.py--> open_url_is_true 20: INFO -->当前网页:慕课网,结果:True
2020-02-23 20:13:39,650 SeleniumDriver.py--> __init__ 20: INFO -->当前打开浏览器为:chrome
2020-02-23 20:13:41,543 SeleniumDriver.py--> open_url_is_true 20: INFO -->当前网页:慕课网,结果:True
2020-02-23 20:13:53,254 SeleniumDriver.py--> __init__ 20: INFO -->当前打开浏览器为:chrome
2020-02-23 20:13:55,035 SeleniumDriver.py--> open_url_is_true 20: INFO -->当前网页:慕课网,结果:True
2020-02-23 20:14:06,981 SeleniumDriver.py--> __init__ 20: INFO -->当前打开浏览器为:chrome
2020-02-23 20:14:08,944 SeleniumDriver.py--> open_url_is_true 20: INFO -->当前网页:慕课网,结果:True
2020-02-23 20:14:24,593 SeleniumDriver.py--> __init__ 20: INFO -->当前打开浏览器为:chrome
2020-02-23 20:14:25,839 SeleniumDriver.py--> open_url_is_true 20: INFO -->当前网页:慕课网,结果:True
2020-02-23 20:14:41,546 SeleniumDriver.py--> __init__ 20: INFO -->当前打开浏览器为:chrome
2020-02-23 20:14:43,339 SeleniumDriver.py--> open_url_is_true 20: INFO -->当前网页:慕课网,结果:True
2020-02-23 20:15:45,638 SeleniumDriver.py--> __init__ 20: INFO -->当前打开浏览器为:chrome
2020-02-23 20:15:47,271 SeleniumDriver.py--> open_url_is_true 20: INFO -->当前网页:慕课网,结果:True
2020-02-23 20:16:04,958 SeleniumDriver.py--> __init__ 20: INFO -->当前打开浏览器为:chrome
2020-02-23 20:16:06,136 SeleniumDriver.py--> open_url_is_true 20: INFO -->当前网页:慕课网,结果:True
2020-02-23 20:16:23,726 SeleniumDriver.py--> __init__ 20: INFO -->当前打开浏览器为:chrome
2020-02-23 20:16:25,452 SeleniumDriver.py--> open_url_is_true 20: INFO -->当前网页:慕课网,结果:True
2020-02-23 20:16:42,944 SeleniumDriver.py--> __init__ 20: INFO -->当前打开浏览器为:chrome
2020-02-23 20:16:45,127 SeleniumDriver.py--> open_url_is_true 20: INFO -->当前网页:慕课网,结果:True
2020-02-23 20:16:59,437 SeleniumDriver.py--> __init__ 20: INFO -->当前打开浏览器为:chrome
2020-02-23 20:17:00,649 SeleniumDriver.py--> open_url_is_true 20: INFO -->当前网页:慕课网,结果:True
2020-02-23 20:19:47,868 SeleniumDriver.py--> __init__ 20: INFO -->当前打开浏览器为:chrome
2020-02-23 20:19:49,071 SeleniumDriver.py--> open_url_is_true 20: INFO -->当前网页:慕课网,结果:True
2020-02-23 20:20:06,563 SeleniumDriver.py--> __init__ 20: INFO -->当前打开浏览器为:chrome
2020-02-23 20:20:08,480 SeleniumDriver.py--> open_url_is_true 20: INFO -->当前网页:慕课网,结果:True
2020-02-23 20:20:26,066 SeleniumDriver.py--> __init__ 20: INFO -->当前打开浏览器为:chrome
2020-02-23 20:20:27,638 SeleniumDriver.py--> open_url_is_true 20: INFO -->当前网页:慕课网,结果:True
2020-02-23 20:20:45,039 SeleniumDriver.py--> __init__ 20: INFO -->当前打开浏览器为:chrome
2020-02-23 20:20:46,666 SeleniumDriver.py--> open_url_is_true 20: INFO -->当前网页:慕课网,结果:True
2020-02-23 20:21:04,042 SeleniumDriver.py--> __init__ 20: INFO -->当前打开浏览器为:chrome
2020-02-23 20:21:05,652 SeleniumDriver.py--> open_url_is_true 20: INFO -->当前网页:慕课网,结果:True
2020-02-23 20:22:28,826 SeleniumDriver.py--> __init__ 20: INFO -->当前打开浏览器为:chrome
2020-02-23 20:22:29,976 SeleniumDriver.py--> open_url_is_true 20: INFO -->当前网页:慕课网,结果:True
2020-02-23 20:22:47,856 SeleniumDriver.py--> __init__ 20: INFO -->当前打开浏览器为:chrome
2020-02-23 20:22:49,501 SeleniumDriver.py--> open_url_is_true 20: INFO -->当前网页:慕课网,结果:True
2020-02-23 20:23:07,403 SeleniumDriver.py--> __init__ 20: INFO -->当前打开浏览器为:chrome
2020-02-23 20:23:08,975 SeleniumDriver.py--> open_url_is_true 20: INFO -->当前网页:慕课网,结果:True
2020-02-23 20:23:26,626 SeleniumDriver.py--> __init__ 20: INFO -->当前打开浏览器为:chrome
2020-02-23 20:23:28,279 SeleniumDriver.py--> open_url_is_true 20: INFO -->当前网页:慕课网,结果:True
2020-02-23 20:23:45,944 SeleniumDriver.py--> __init__ 20: INFO -->当前打开浏览器为:chrome
2020-02-23 20:23:47,054 SeleniumDriver.py--> open_url_is_true 20: INFO -->当前网页:慕课网,结果:True
2020-02-23 20:48:15,592 SeleniumDriver.py--> __init__ 20: INFO -->当前打开浏览器为:chrome
2020-02-23 20:48:17,277 SeleniumDriver.py--> open_url_is_true 20: INFO -->当前网页:慕课网,结果:True
2020-02-23 20:48:31,739 SeleniumDriver.py--> __init__ 20: INFO -->当前打开浏览器为:chrome
2020-02-23 20:48:32,928 SeleniumDriver.py--> open_url_is_true 20: INFO -->当前网页:慕课网,结果:True
2020-02-23 20:48:50,782 SeleniumDriver.py--> __init__ 20: INFO -->当前打开浏览器为:chrome
2020-02-23 20:48:51,958 SeleniumDriver.py--> open_url_is_true 20: INFO -->当前网页:慕课网,结果:True
2020-02-23 20:49:09,677 SeleniumDriver.py--> __init__ 20: INFO -->当前打开浏览器为:chrome
2020-02-23 20:49:11,308 SeleniumDriver.py--> open_url_is_true 20: INFO -->当前网页:慕课网,结果:True
2020-02-23 20:49:29,169 SeleniumDriver.py--> __init__ 20: INFO -->当前打开浏览器为:chrome
2020-02-23 20:49:30,610 SeleniumDriver.py--> open_url_is_true 20: INFO -->当前网页:慕课网,结果:True
2020-02-23 20:49:44,711 SeleniumDriver.py--> __init__ 20: INFO -->当前打开浏览器为:chrome
2020-02-23 20:49:45,873 SeleniumDriver.py--> open_url_is_true 20: INFO -->当前网页:慕课网,结果:True
2020-02-23 20:50:03,699 SeleniumDriver.py--> __init__ 20: INFO -->当前打开浏览器为:chrome
2020-02-23 20:50:05,302 SeleniumDriver.py--> open_url_is_true 20: INFO -->当前网页:慕课网,结果:True
2020-02-23 20:50:23,178 SeleniumDriver.py--> __init__ 20: INFO -->当前打开浏览器为:chrome
2020-02-23 20:50:24,820 SeleniumDriver.py--> open_url_is_true 20: INFO -->当前网页:慕课网,结果:True
2020-02-23 20:50:42,707 SeleniumDriver.py--> __init__ 20: INFO -->当前打开浏览器为:chrome
2020-02-23 20:50:44,355 SeleniumDriver.py--> open_url_is_true 20: INFO -->当前网页:慕课网,结果:True
2020-02-23 20:51:02,186 SeleniumDriver.py--> __init__ 20: INFO -->当前打开浏览器为:chrome
2020-02-23 20:51:03,393 SeleniumDriver.py--> open_url_is_true 20: INFO -->当前网页:慕课网,结果:True
2020-02-23 21:51:30,884 SeleniumDriver.py--> __init__ 20: INFO -->当前打开浏览器为:chrome
2020-02-23 21:51:32,824 SeleniumDriver.py--> open_url_is_true 20: INFO -->当前网页:慕课网,结果:True
2020-02-23 21:51:47,256 SeleniumDriver.py--> __init__ 20: INFO -->当前打开浏览器为:chrome
2020-02-23 21:51:49,228 SeleniumDriver.py--> open_url_is_true 20: INFO -->当前网页:慕课网,结果:True
2020-02-23 21:52:07,825 SeleniumDriver.py--> __init__ 20: INFO -->当前打开浏览器为:chrome
2020-02-23 21:52:09,696 SeleniumDriver.py--> open_url_is_true 20: INFO -->当前网页:慕课网,结果:True
2020-02-23 21:52:24,257 SeleniumDriver.py--> __init__ 20: INFO -->当前打开浏览器为:chrome
2020-02-23 21:52:26,182 SeleniumDriver.py--> open_url_is_true 20: INFO -->当前网页:慕课网,结果:True
2020-02-23 22:14:22,815 SeleniumDriver.py--> __init__ 20: INFO -->当前打开浏览器为:chrome
2020-02-23 22:14:24,616 SeleniumDriver.py--> open_url_is_true 20: INFO -->当前网页:慕课网,结果:True
2020-02-23 22:15:12,493 SeleniumDriver.py--> __init__ 20: INFO -->当前打开浏览器为:chrome
2020-02-23 22:15:13,585 SeleniumDriver.py--> open_url_is_true 20: INFO -->当前网页:慕课网,结果:True
2020-02-23 22:19:22,783 SeleniumDriver.py--> __init__ 20: INFO -->当前打开浏览器为:chrome
2020-02-23 22:19:23,851 SeleniumDriver.py--> open_url_is_true 20: INFO -->当前网页:慕课网,结果:True
2020-02-23 22:19:44,898 SeleniumDriver.py--> __init__ 20: INFO -->当前打开浏览器为:chrome
2020-02-23 22:19:46,556 SeleniumDriver.py--> open_url_is_true 20: INFO -->当前网页:慕课网,结果:True
2020-02-23 22:21:06,678 SeleniumDriver.py--> __init__ 20: INFO -->当前打开浏览器为:chrome
2020-02-23 22:21:08,339 SeleniumDriver.py--> open_url_is_true 20: INFO -->当前网页:慕课网,结果:True
2020-02-23 22:25:07,628 SeleniumDriver.py--> __init__ 20: INFO -->当前打开浏览器为:chrome
2020-02-23 22:25:14,372 SeleniumDriver.py--> open_url_is_true 20: INFO -->当前网页:慕课网,结果:True
2020-02-23 22:25:59,758 SeleniumDriver.py--> __init__ 20: INFO -->当前打开浏览器为:chrome
2020-02-23 22:26:06,372 SeleniumDriver.py--> open_url_is_true 20: INFO -->当前网页:慕课网,结果:True
2020-02-23 22:27:16,435 SeleniumDriver.py--> __init__ 20: INFO -->当前打开浏览器为:chrome
2020-02-23 22:27:30,854 SeleniumDriver.py--> __init__ 20: INFO -->当前打开浏览器为:chrome
2020-02-23 22:27:37,756 SeleniumDriver.py--> open_url_is_true 20: INFO -->当前网页:慕课网,结果:True
