2020-03-10 15:26:35,415 ElementUtlis.py--> __init__ 20: INFO -->========================================================测试开始========================================================
2020-03-10 15:26:40,672 ElementUtlis.py--> __open_browser 20: INFO -->当前测试浏览器:chrome ,文件位置配置:D:\seleniumDownload
2020-03-10 15:26:40,672 ElementUtlis.py--> __get_url 20: INFO -->测试线上网页:https://www.imooc.com/
2020-03-10 15:26:51,740 ElementUtlis.py--> open_url_is_true 20: INFO -->当前网页:慕课网,结果:True
2020-03-10 15:26:53,244 WebDriverWait.py--> until 20: INFO -->成功定位元素:click_login
2020-03-10 15:26:53,289 ElementUtlis.py--> click_element 20: INFO -->点击元素:click_login
2020-03-10 15:26:53,289 ElementUtlis.py--> close 20: INFO -->========================================================测试结束========================================================
2020-03-10 15:26:53,289 ElementUtlis.py--> close 20: INFO -->

2020-03-10 18:28:39,092 ElementUtlis.py--> __init__ 20: INFO -->========================================================测试开始========================================================
2020-03-10 18:29:23,156 ElementUtlis.py--> __init__ 20: INFO -->========================================================测试开始========================================================
2020-03-10 18:29:45,278 ElementUtlis.py--> __init__ 20: INFO -->========================================================测试开始========================================================
2020-03-10 18:29:50,163 ElementUtlis.py--> __open_browser 20: INFO -->当前测试浏览器:chrome ,文件位置配置:D:/
2020-03-10 18:29:50,163 ElementUtlis.py--> __get_url 20: INFO -->测试线上网页:https://www.imooc.com/
2020-03-10 18:30:07,044 ElementUtlis.py--> open_url_is_true 20: INFO -->当前网页:慕课网,结果:True
2020-03-10 18:30:08,493 WebDriverWait.py--> until 20: INFO -->成功定位元素:click_login
2020-03-10 18:30:08,534 ElementUtlis.py--> click_element 20: INFO -->点击元素:click_login
2020-03-10 18:30:08,534 ElementUtlis.py--> close 20: INFO -->========================================================测试结束========================================================
2020-03-10 18:30:08,534 ElementUtlis.py--> close 20: INFO -->

2020-03-10 18:30:39,246 ElementUtlis.py--> __init__ 20: INFO -->========================================================测试开始========================================================
2020-03-10 18:30:44,697 ElementUtlis.py--> __open_browser 20: INFO -->当前测试浏览器:chrome ,下载文件路径配置:D:/
2020-03-10 18:30:44,697 ElementUtlis.py--> __get_url 20: INFO -->测试线上网页:https://www.imooc.com/
2020-03-10 18:30:55,473 ElementUtlis.py--> open_url_is_true 20: INFO -->当前网页:慕课网,结果:True
2020-03-10 18:30:57,022 WebDriverWait.py--> until 20: INFO -->成功定位元素:click_login
2020-03-10 18:30:57,121 ElementUtlis.py--> click_element 20: INFO -->点击元素:click_login
2020-03-10 18:30:57,121 ElementUtlis.py--> close 20: INFO -->========================================================测试结束========================================================
2020-03-10 18:30:57,121 ElementUtlis.py--> close 20: INFO -->

